<?xml version="1.0" encoding="utf-8"?><testsuites name="pytest tests"><testsuite name="pytest" errors="0" failures="0" skipped="0" tests="5" time="0.304" timestamp="2025-10-16T14:37:04.181588+02:00" hostname="JSB"><testcase classname="tests.test_builder" name="test_build_image_success" time="0.044" /><testcase classname="tests.test_builder" name="test_build_image_no_runpy" time="0.007" /><testcase classname="tests.test_cli" name="test_main_success" time="0.010" /><testcase classname="tests.test_cli" name="test_main_default_service_name" time="0.015" /><testcase classname="tests.test_cli" name="test_main_missing_registry" time="0.006" /></testsuite></testsuites>